New Padel Pl Wrocław slots found:

Friday 2026-04-03
  17:30-19:00 | Kort 1 | 90 min | 240 PLN
  https://playtomic.com/clubs/padel-pl-wroclaw?date=2026-04-03
  17:30-19:00 | Kort 6 | 90 min | 240 PLN
  https://playtomic.com/clubs/padel-pl-wroclaw?date=2026-04-03
  17:30-19:00 | Kort 8 | 90 min | 240 PLN
  https://playtomic.com/clubs/padel-pl-wroclaw?date=2026-04-03

Friday 2026-04-10
  17:30-19:00 | Kort 3 | 90 min | 240 PLN
  https://playtomic.com/clubs/padel-pl-wroclaw?date=2026-04-10
  17:30-19:00 | Kort 6 | 90 min | 240 PLN
  https://playtomic.com/clubs/padel-pl-wroclaw?date=2026-04-10
  17:30-19:00 | Kort 8 | 90 min | 240 PLN
  https://playtomic.com/clubs/padel-pl-wroclaw?date=2026-04-10

Friday 2026-04-17
  17:30-19:00 | Kort 3 | 90 min | 240 PLN
  https://playtomic.com/clubs/padel-pl-wroclaw?date=2026-04-17
  17:30-19:00 | Kort 5 | 90 min | 240 PLN
  https://playtomic.com/clubs/padel-pl-wroclaw?date=2026-04-17
  17:30-19:00 | Kort 6 | 90 min | 240 PLN
  https://playtomic.com/clubs/padel-pl-wroclaw?date=2026-04-17
  17:30-19:00 | Kort 8 | 90 min | 240 PLN
  https://playtomic.com/clubs/padel-pl-wroclaw?date=2026-04-17
  18:00-19:30 | Kort 3 | 90 min | 240 PLN
  https://playtomic.com/clubs/padel-pl-wroclaw?date=2026-04-17
  18:00-19:30 | Kort 5 | 90 min | 240 PLN
  https://playtomic.com/clubs/padel-pl-wroclaw?date=2026-04-17
  18:30-20:00 | Kort 3 | 90 min | 240 PLN
  https://playtomic.com/clubs/padel-pl-wroclaw?date=2026-04-17
  18:30-20:00 | Kort 5 | 90 min | 240 PLN
  https://playtomic.com/clubs/padel-pl-wroclaw?date=2026-04-17
New Padel Pl Wrocław slots found:

Friday 2026-04-03
  17:30-19:00 | Kort 1 | 90 min | 240 PLN
  https://playtomic.com/clubs/padel-pl-wroclaw?date=2026-04-03
  17:30-19:00 | Kort 6 | 90 min | 240 PLN
  https://playtomic.com/clubs/padel-pl-wroclaw?date=2026-04-03
  17:30-19:00 | Kort 8 | 90 min | 240 PLN
  https://playtomic.com/clubs/padel-pl-wroclaw?date=2026-04-03

Friday 2026-04-10
  17:30-19:00 | Kort 3 | 90 min | 240 PLN
  https://playtomic.com/clubs/padel-pl-wroclaw?date=2026-04-10
  17:30-19:00 | Kort 6 | 90 min | 240 PLN
  https://playtomic.com/clubs/padel-pl-wroclaw?date=2026-04-10
  17:30-19:00 | Kort 8 | 90 min | 240 PLN
  https://playtomic.com/clubs/padel-pl-wroclaw?date=2026-04-10

Friday 2026-04-17
  17:30-19:00 | Kort 3 | 90 min | 240 PLN
  https://playtomic.com/clubs/padel-pl-wroclaw?date=2026-04-17
  17:30-19:00 | Kort 5 | 90 min | 240 PLN
  https://playtomic.com/clubs/padel-pl-wroclaw?date=2026-04-17
  17:30-19:00 | Kort 6 | 90 min | 240 PLN
  https://playtomic.com/clubs/padel-pl-wroclaw?date=2026-04-17
  17:30-19:00 | Kort 8 | 90 min | 240 PLN
  https://playtomic.com/clubs/padel-pl-wroclaw?date=2026-04-17
  18:00-19:30 | Kort 3 | 90 min | 240 PLN
  https://playtomic.com/clubs/padel-pl-wroclaw?date=2026-04-17
  18:00-19:30 | Kort 5 | 90 min | 240 PLN
  https://playtomic.com/clubs/padel-pl-wroclaw?date=2026-04-17
  18:30-20:00 | Kort 3 | 90 min | 240 PLN
  https://playtomic.com/clubs/padel-pl-wroclaw?date=2026-04-17
  18:30-20:00 | Kort 5 | 90 min | 240 PLN
  https://playtomic.com/clubs/padel-pl-wroclaw?date=2026-04-17
No matching Padel Pl Wrocław slots right now.
No new matching Padel Pl Wrocław slots since the last run.
No new matching Padel Pl Wrocław slots since the last run.
No new matching Padel Pl Wrocław slots since the last run.
No new matching Padel Pl Wrocław slots since the last run.
No new matching Padel Pl Wrocław slots since the last run.
No new matching Padel Pl Wrocław slots since the last run.
